<?xml version="1.0" encoding="UTF-8"?>
<testng-results ignored="0" total="5" passed="5" failed="0" skipped="0">
  <reporter-output>
  </reporter-output>
  <suite started-at="2025-11-27T09:26:41 IST" name="Default suite" finished-at="2025-11-27T09:26:41 IST" duration-ms="53">
    <groups>
    </groups>
    <test started-at="2025-11-27T09:26:41 IST" name="Default test" finished-at="2025-11-27T09:26:41 IST" duration-ms="53">
      <class name="com.testng.consepttest">
        <test-method signature="Signup()[pri:0, instance:com.testng.consepttest@4d5d943d]" started-at="2025-11-27T09:26:41 IST" name="Signup" finished-at="2025-11-27T09:26:41 IST" duration-ms="8" status="PASS">
          <reporter-output>
          </reporter-output>
        </test-method> <!-- Signup -->
        <test-method signature="login()[pri:1, instance:com.testng.consepttest@4d5d943d]" started-at="2025-11-27T09:26:41 IST" name="login" finished-at="2025-11-27T09:26:41 IST" duration-ms="1" status="PASS">
          <reporter-output>
          </reporter-output>
        </test-method> <!-- login -->
        <test-method signature="cart()[pri:2, instance:com.testng.consepttest@4d5d943d]" started-at="2025-11-27T09:26:41 IST" name="cart" finished-at="2025-11-27T09:26:41 IST" duration-ms="1" status="PASS">
          <reporter-output>
          </reporter-output>
        </test-method> <!-- cart -->
        <test-method signature="find()[pri:0, instance:com.testng.consepttest@4d5d943d]" started-at="2025-11-27T09:26:41 IST" name="find" finished-at="2025-11-27T09:26:41 IST" depends-on-methods="com.testng.consepttest.cart" duration-ms="1" status="PASS">
          <reporter-output>
          </reporter-output>
        </test-method> <!-- find -->
        <test-method signature="SignOut()[pri:3, instance:com.testng.consepttest@4d5d943d]" started-at="2025-11-27T09:26:41 IST" name="SignOut" finished-at="2025-11-27T09:26:41 IST" duration-ms="2" status="PASS">
          <reporter-output>
          </reporter-output>
        </test-method> <!-- SignOut -->
      </class> <!-- com.testng.consepttest -->
    </test> <!-- Default test -->
  </suite> <!-- Default suite -->
</testng-results>
