<?xml version="1.0" encoding="UTF-8"?>
<!-- Generated by org.testng.reporters.JUnitReportReporter -->
<testsuite hostname="Praveen" failures="0" tests="5" name="com.testng.consepttest" time="0.013" errors="0" timestamp="2025-11-27T09:26:41 IST" skipped="0">
  <testcase classname="com.testng.consepttest" name="find" time="0.001"/>
  <testcase classname="com.testng.consepttest" name="Signup" time="0.008"/>
  <testcase classname="com.testng.consepttest" name="login" time="0.001"/>
  <testcase classname="com.testng.consepttest" name="cart" time="0.001"/>
  <testcase classname="com.testng.consepttest" name="SignOut" time="0.002"/>
</testsuite> <!-- com.testng.consepttest -->
